"../../../Engine/Content/Functions/Engine_MaterialFunctions01/Opacity/CameraDepthFade.uasset" 0
"../../../Engine/Content/EngineMaterials/T_Default_Material_Grid_M.uasset" 1
"../../../Engine/Content/EngineMaterials/T_Default_Material_Grid_N.uasset" 2
"../../../Engine/Content/EngineMaterials/DefaultMaterial.uasset" 3
"../../../Engine/Content/BasicShapes/Cone.uasset" 4
"../../../Engine/Content/EngineMaterials/WorldGridMaterial.uasset" 5
"../../../Engine/Content/BasicShapes/Plane.uasset" 6
"../../../Engine/Content/BasicShapes/Sphere.uasset" 7
"../../../Engine/Content/EditorLandscapeResources/DataLayer.uasset" 8
"../../../Engine/Content/EditorMaterials/GizmoMaterial.uasset" 9
"../../../Engine/Content/EditorMaterials/MAT_Groups_Toggle.uasset" 10
"../../../Engine/Content/EditorMaterials/MAT_Groups_Visibility.uasset" 11
"../../../Engine/Content/EditorMaterials/PreviewShadowIndicator.uasset" 12
"../../../Engine/Content/EditorMaterials/PreviewShadowIndicatorMaterial.uasset" 13
"../../../Engine/Content/EditorMaterials/AssetViewer/EpicQuadPanorama_CC+EV1.uasset" 14
"../../../Engine/Content/EditorMaterials/MatineeGroups/MAT_ColorTrack.uasset" 15
"../../../Engine/Content/EditorMaterials/MatineeGroups/MAT_Groups_Anim.uasset" 16
"../../../Engine/Content/EditorMaterials/MatineeGroups/MAT_Groups_AudioMaster.uasset" 17
"../../../Engine/Content/EditorMaterials/MatineeGroups/MAT_Groups_Director.uasset" 18
"../../../Engine/Content/EditorMaterials/MatineeGroups/MAT_Groups_Event.uasset" 19
"../../../Engine/Content/EditorMaterials/MatineeGroups/MAT_Groups_Fade.uasset" 20
"../../../Engine/Content/EditorMaterials/MatineeGroups/MAT_Groups_Float.uasset" 21
"../../../Engine/Content/EditorMaterials/MatineeGroups/MAT_Groups_Move.uasset" 22
"../../../Engine/Content/EditorMaterials/MatineeGroups/MAT_Groups_Slomo.uasset" 23
"../../../Engine/Content/EditorMaterials/MatineeGroups/MAT_Groups_Sound.uasset" 24
"../../../Engine/Content/EditorMaterials/MatineeGroups/MAT_Groups_Vector.uasset" 25
"../../../Engine/Content/EditorMaterials/ParticleSystems/PSysThumbnail_NoImage.uasset" 26
"../../../Engine/Content/EditorMaterials/ParticleSystems/PSysThumbnail_OOD.uasset" 27
"../../../Engine/Content/EditorMaterials/Camera/CineMat.uasset" 28
"../../../Engine/Content/EditorMaterials/Camera/MI_CineMat_Rig.uasset" 29
"../../../Engine/Content/EditorMeshes/Camera/SM_CraneRig_Arm.uasset" 30
"../../../Engine/Content/EditorMeshes/Camera/SM_CraneRig_Base.uasset" 31
"../../../Engine/Content/EditorMeshes/Camera/SM_CraneRig_Body.uasset" 32
"../../../Engine/Content/EditorMeshes/Camera/SM_CraneRig_Mount.uasset" 33
"../../../Engine/Content/EditorMeshes/Camera/SM_RailRig_Mount.uasset" 34
"../../../Engine/Content/EditorMeshes/ColorCalibrator/M_ChromeBall.uasset" 35
"../../../Engine/Content/EditorMeshes/ColorCalibrator/M_ClearCoat.uasset" 36
"../../../Engine/Content/EditorMeshes/ColorCalibrator/M_ClearCoatBlack.uasset" 37
"../../../Engine/Content/EditorMeshes/ColorCalibrator/T_ColorGrid.uasset" 38
"../../../Engine/Content/EditorMeshes/ColorCalibrator/M_ColorGrid.uasset" 39
"../../../Engine/Content/EditorMeshes/ColorCalibrator/M_GreyBall.uasset" 40
"../../../Engine/Content/EditorMeshes/ColorCalibrator/SM_ColorCalibrator.uasset" 41
"../../../Engine/Content/EditorResources/BSPVertex.uasset" 42
"../../../Engine/Content/EditorResources/EmptyActor.uasset" 43
"../../../Engine/Content/EditorResources/RGBTable16x1_AssetViewer.uasset" 44
"../../../Engine/Content/EditorResources/S_Actor.uasset" 45
"../../../Engine/Content/EditorResources/S_Trigger.uasset" 46
"../../../Engine/Content/EditorResources/AudioIcons/S_AudioComponent_AutoActivate.uasset" 47
"../../../Engine/Content/EditorResources/SequenceRecorder/Countdown.uasset" 48
"../../../Engine/Content/EditorResources/SequenceRecorder/RecordingIndicator.uasset" 49
"../../../Engine/Content/EditorSounds/Notifications/CompileFailed.uasset" 50
"../../../Engine/Content/EditorSounds/Notifications/CompileFailed_Cue.uasset" 51
"../../../Engine/Content/EditorSounds/Notifications/CompileSuccess.uasset" 52
"../../../Engine/Content/EditorSounds/Notifications/CompileStart_Cue.uasset" 53
"../../../Engine/Content/EditorSounds/Notifications/CompileSuccess_Cue.uasset" 54
"../../../Engine/Content/EngineDamageTypes/DmgTypeBP_Environmental.uasset" 55
"../../../Engine/Content/EngineDebugMaterials/HeatmapGradient.uasset" 56
"../../../Engine/Content/EngineDebugMaterials/BoneWeightMaterial.uasset" 57
"../../../Engine/Content/EngineDebugMaterials/DebugMeshMaterial.uasset" 58
"../../../Engine/Content/EngineDebugMaterials/GeomMaterial.uasset" 59
"../../../Engine/Content/EngineFonts/Faces/RobotoBold.uasset" 60
"../../../Engine/Content/EngineFonts/Faces/RobotoBoldItalic.uasset" 61
"../../../Engine/Content/EngineFonts/Faces/RobotoItalic.uasset" 62
"../../../Engine/Content/EngineFonts/Faces/RobotoLight.uasset" 63
"../../../Engine/Content/EngineFonts/Faces/RobotoRegular.uasset" 64
"../../../Engine/Content/EngineFonts/Roboto.uasset" 65
"../../../Engine/Content/EngineFonts/Faces/RobotoTiny.uasset" 66
"../../../Engine/Content/EngineFonts/RobotoTiny.uasset" 67
"../../../Engine/Content/EngineMaterials/DefaultBokeh.uasset" 68
"../../../Engine/Content/EngineMaterials/DefaultDiffuse.uasset" 69
"../../../Engine/Content/EngineMaterials/DefaultDeferredDecalMaterial.uasset" 70
"../../../Engine/Content/EngineMaterials/DefaultLightFunctionMaterial.uasset" 71
"../../../Engine/Content/EngineMaterials/DefaultPhysicalMaterial.uasset" 72
"../../../Engine/Content/Functions/Engine_MaterialFunctions02/Utility/BreakOutFloat2Components.uasset" 73
"../../../Engine/Content/EngineMaterials/DefaultPostProcessMaterial.uasset" 74
"../../../Engine/Content/EngineFonts/RobotoDistanceField.uasset" 75
"../../../Engine/Content/EngineMaterials/DefaultTextMaterialOpaque.uasset" 76
"../../../Engine/Content/EngineMaterials/DefaultWhiteGrid.uasset" 77
"../../../Engine/Content/EngineMaterials/EditorBrushMaterial.uasset" 78
"../../../Engine/Content/EngineMaterials/Good64x64TilingNoiseHighFreq.uasset" 79
"../../../Engine/Content/EngineMaterials/MiniFont.uasset" 80
"../../../Engine/Content/EngineMaterials/InvalidLightmapSettings.uasset" 81
"../../../Engine/Content/EngineMaterials/M_InvalidLightmapSettings.uasset" 82
"../../../Engine/Content/EngineMaterials/PhAT_JointLimitMaterial.uasset" 83
"../../../Engine/Content/EngineMaterials/PreintegratedSkinBRDF.uasset" 84
"../../../Engine/Content/EngineMaterials/RemoveSurfaceMaterial.uasset" 85
"../../../Engine/Content/EngineMaterials/WeightMapPlaceholderTexture.uasset" 86
"../../../Engine/Content/EngineResources/WhiteSquareTexture.uasset" 87
"../../../Engine/Content/EngineMaterials/Widget3DPassThrough.uasset" 88
"../../../Engine/Content/EngineMaterials/Widget3DPassThrough_Masked.uasset" 89
"../../../Engine/Content/EngineMaterials/Widget3DPassThrough_Opaque.uasset" 90
"../../../Engine/Content/EngineMaterials/Widget3DPassThrough_Masked_OneSided.uasset" 91
"../../../Engine/Content/EngineMaterials/Widget3DPassThrough_Opaque_OneSided.uasset" 92
"../../../Engine/Content/EngineMaterials/Widget3DPassThrough_Translucent.uasset" 93
"../../../Engine/Content/EngineMaterials/Widget3DPassThrough_Translucent_OneSided.uasset" 94
"../../../Engine/Content/EngineMeshes/Cube.uasset" 95
"../../../Engine/Content/EngineMeshes/Cylinder.uasset" 96
"../../../Engine/Content/EngineMeshes/Sphere.uasset" 97
"../../../Engine/Content/EngineResources/Black.uasset" 98
"../../../Engine/Content/EngineResources/DefaultTextureCube.uasset" 99
"../../../Engine/Content/EngineResources/GradientTexture0.uasset" 100
"../../../Engine/Content/EngineSounds/Master.uasset" 101
"../../../Engine/Content/Functions/Engine_MaterialFunctions01/Shading/ConvertFromDiffSpec.uasset" 102
"../../../Engine/Content/Functions/Engine_MaterialFunctions01/Shading/PowerToRoughness.uasset" 103
"../../../Engine/Content/Maps/Templates/Thumbnails/Default.uasset" 104
"../../../Engine/Content/Maps/Templates/Thumbnails/VR-Basic.uasset" 105
"../../../Engine/Content/MobileResources/T_MobileControls_texture.uasset" 106
"../../../Engine/Content/MobileResources/T_MobileMenu2.uasset" 107
"../../../Engine/Content/MobileResources/HUD/AnalogHat.uasset" 108
"../../../Engine/Content/MobileResources/HUD/VirtualJoystick_Background.uasset" 109
"../../../Engine/Content/MobileResources/HUD/VirtualJoystick_Thumb.uasset" 110
"../../../Engine/Content/MobileResources/HUD/DefaultVirtualJoysticks.uasset" 111
"../../../Engine/Content/MobileResources/HUD/LeftVirtualJoystickOnly.uasset" 112
"../../../Engine/Content/MobileResources/HUD/MobileHUDButton1_off.uasset" 113
"../../../Engine/Content/MobileResources/HUD/MobileHUDButton1_on.uasset" 114
"../../../Engine/Content/MobileResources/HUD/MobileHUDButton2_off.uasset" 115
"../../../Engine/Content/MobileResources/HUD/MobileHUDButton2_on.uasset" 116
"../../../Engine/Content/MobileResources/HUD/MobileHUDButton3.uasset" 117
"../../../Engine/Content/MobileResources/HUD/MobileHUDButtonFire.uasset" 118
"../../../Engine/Content/MobileResources/HUD/MobileHUDDirectionPad.uasset" 119
"../../../Engine/Content/MobileResources/HUD/MobileHUDDirectionPad2.uasset" 120
"../../../Engine/Content/MobileResources/HUD/MobileHUDDirectionPad3.uasset" 121
"../../../Engine/Content/MobileResources/HUD/MobileHUDDirectionStick.uasset" 122
"../../../Engine/Content/MobileResources/HUD/T_Castle_ThumbstickInner.uasset" 123
"../../../Engine/Content/MobileResources/HUD/T_Castle_ThumbstickOutter.uasset" 124
"../../../Engine/Content/Tutorial/ContentIntroCurve.uasset" 125
"../../../Engine/Content/Tutorial/Basics/TutorialAssets/icon_tab_Levels_40x.uasset" 126
"../../../Engine/Content/Tutorial/BlueprintTutorials/TutorialAssets/BlueprintInterface_64x.uasset" 127
"../../../Engine/Content/Tutorial/BlueprintTutorials/TutorialAssets/BlueprintMacroLibrary_64x.uasset" 128
"../../../Engine/Content/Tutorial/BlueprintTutorials/TutorialAssets/Blueprint_64x.uasset" 129
"../../../Engine/Content/Tutorial/BlueprintTutorials/TutorialAssets/Tutorial_BP_Interface.uasset" 130
"../../../Engine/Content/Tutorial/Foliage/TutorialAssets/Foliage.uasset" 131
"../../../Engine/Content/Tutorial/Landscape/TutorialAssets/Landscape.uasset" 132
"../../../Engine/Content/Tutorial/Paper2D/TutorialAssets/Paper2DFlipbook_TutorialIcon.uasset" 133
"../../../Engine/Content/Tutorial/Paper2D/TutorialAssets/Paper2DSprite_TutorialIcon.uasset" 134
"../../../Engine/Content/Tutorial/SubEditors/TutorialAssets/icon_Editor_Preferences_General_40x.uasset" 135
"../../../Engine/Content/Tutorial/SubEditors/TutorialAssets/icon_ShowSkeletalMeshes_40x.uasset" 136
"../../../Engine/Content/Tutorial/SubEditors/TutorialAssets/TutorialMaterial.uasset" 137
"../../../Engine/Content/Tutorial/SubEditors/TutorialAssets/T_SmokeSubUV_8X8.uasset" 138
"../../../Engine/Content/Tutorial/SubEditors/TutorialAssets/T_soft_smoke.uasset" 139
"../../../Engine/Content/Tutorial/SubEditors/TutorialAssets/M_smoke_subUV_blackbody.uasset" 140
"../../../Engine/Content/Tutorial/SubEditors/TutorialAssets/TutorialParticleSystem.uasset" 141
"../../../Engine/Content/EditorMeshes/EditorCube.uasset" 142
"../../../Engine/Content/Tutorial/SubEditors/TutorialAssets/Tutorial_DM.uasset" 143
"../../../Engine/Content/VREditor/Devices/Generic/GenericHMDMaterial.uasset" 144
"../../../Engine/Content/VREditor/Devices/Generic/GenericHMD.uasset" 145
"../../../Engine/Content/VREditor/FloatingText/LineMaterial.uasset" 146
"../../../Engine/Content/VREditor/FloatingText/JointSphere.uasset" 147
"../../../Engine/Content/VREditor/FloatingText/LineSegmentCylinder.uasset" 148
"../../../Engine/Content/VREditor/Fonts/VRText_RobotoLarge.uasset" 149
"../../../Engine/Content/VREditor/Fonts/VRTextMaterial.uasset" 150
"../../../Engine/Content/VREditor/Fonts/TranslucentVRTextMaterial.uasset" 151
"../../../Engine/Content/VREditor/LaserPointer/VR_LaserPower_01.uasset" 152
"../../../Engine/Content/VREditor/LaserPointer/LaserPointerMaterial.uasset" 153
"../../../Engine/Content/VREditor/LaserPointer/LaserPointerMaterialInst.uasset" 154
"../../../Engine/Content/VREditor/LaserPointer/TranslucentLaserPointerMaterialInst.uasset" 155
"../../../Engine/Content/VREditor/LaserPointer/LaserPointerMesh.uasset" 156
"../../../Engine/Content/VREditor/Sounds/VR_grab_Cue.uasset" 157
"../../../Engine/Content/VREditor/Sounds/VR_teleport_Cue.uasset" 158
"../../../Engine/Content/VREditor/TransformGizmo/TransformGizmoMaterial.uasset" 159
"../../../Engine/Content/VREditor/TransformGizmo/TranslucentTransformGizmoMaterial.uasset" 160
"../../../Engine/Content/VREditor/TransformGizmo/BoundingBoxCorner.uasset" 161
"../../../Engine/Content/VREditor/TransformGizmo/BoundingBoxEdge.uasset" 162
"../../../Engine/Content/VREditor/TransformGizmo/PlaneTranslationHandle.uasset" 163
"../../../Engine/Content/VREditor/TransformGizmo/RotationHandle.uasset" 164
"../../../Engine/Content/VREditor/TransformGizmo/RotationHandleFull.uasset" 165
"../../../Engine/Content/VREditor/TransformGizmo/StretchingHandle.uasset" 166
"../../../Engine/Content/VREditor/TransformGizmo/TranslateHandleLong.uasset" 167
"../../../Engine/Content/VREditor/TransformGizmo/TranslationHandle.uasset" 168
"../../../Engine/Content/VREditor/TransformGizmo/UniformScaleHandle.uasset" 169
"../../../Engine/Content/VREditor/UI/CloseButtonMesh.uasset" 170
"../../../Engine/Content/VREditor/UI/SelectionBarMesh.uasset" 171
"../../../Engine/Content/Functions/Engine_MaterialFunctions01/Gradient/RadialGradient.uasset" 172
"../../../Engine/Content/VREditor/WorldMovementGrid/SimpleGrid.uasset" 173
"../../../Engine/Content/VREditor/WorldMovementGrid/GridMaterial.uasset" 174
"../../../Engine/Content/Functions/Engine_MaterialFunctions01/Density/ExponentialDensity.uasset" 175
"../../../Engine/Content/VREditor/WorldMovementGrid/GridPostProcess.uasset" 176
"../../../Engine/Content/EditorLandscapeResources/FlattenHeightMat.uasset" 177
"../../../Engine/Content/VREditor/WorldMovementGrid/PlaneMesh.uasset" 178
"../../../WAV/Content/SkeletalMesh/Boss1_Skeleton.uasset" 179
"../../../WAV/Content/Animation/Enemy/Boss1/Boss1Attack1.uasset" 180
"../../../WAV/Content/Animation/Enemy/Boss1/Boss1Walk.uasset" 181
"../../../WAV/Content/BehaviorTrees/BB_EnemyBase.uasset" 182
"../../../WAV/Content/BehaviorTrees/DC_ActorsWithinDistance.uasset" 183
"../../../WAV/Content/BehaviorTrees/DC_FacingTarget.uasset" 184
"../../../Engine/Content/EditorBlueprintResources/StandardMacros.uasset" 185
"../../../WAV/Content/SkeletalMesh/SK_Player_Skeleton.uasset" 186
"../../../WAV/Content/Animation/Player/Combat/PlayerAttack1Halberd.uasset" 187
"../../../WAV/Content/Animation/Player/Combat/PlayerAttack1Hammer.uasset" 188
"../../../WAV/Content/Animation/Player/Combat/PlayerAttack1Stagger.uasset" 189
"../../../WAV/Content/Animation/Player/Combat/PlayerAttack1Sword.uasset" 190
"../../../WAV/Content/Animation/Player/Combat/PlayerAttack2Halberd.uasset" 191
"../../../WAV/Content/Animation/Player/Combat/PlayerAttack2Hammer.uasset" 192
"../../../WAV/Content/Animation/Player/Combat/PlayerAttack2Sword.uasset" 193
"../../../WAV/Content/Animation/Player/PlayerAir.uasset" 194
"../../../WAV/Content/Animation/Player/PlayerJump.uasset" 195
"../../../WAV/Content/Animation/Player/PlayerLand.uasset" 196
"../../../WAV/Content/Animation/Player/PlayerRoll.uasset" 197
"../../../WAV/Content/Animation/Player/PlayerIdle.uasset" 198
"../../../WAV/Content/Animation/Player/PlayerRun.uasset" 199
"../../../WAV/Content/Animation/Player/BS_IdleWalkBasic.uasset" 200
"../../../WAV/Content/Animation/Player/AnimBP_Player.uasset" 201
"../../../WAV/Content/Textures/Environment/Sweep.uasset" 202
"../../../WAV/Content/Materials/M_SwordTrailBlue.uasset" 203
"../../../WAV/Content/Materials/M_SwordTrailGreen.uasset" 204
"../../../WAV/Content/Materials/M_SwordTrailRed.uasset" 205
"../../../WAV/Content/Blueprints/Player/BP_SwordTrail.uasset" 206
"../../../WAV/Content/Blueprints/Structs/PlayerAttack.uasset" 207
"../../../WAV/Content/Audio/IDKWhyIHaveToMakeThis.uasset" 208
"../../../WAV/Content/Audio/SFX/SwordSwing.uasset" 209
"../../../WAV/Content/Audio/SFX/Zap.uasset" 210
"../../../WAV/Content/Textures/Environment/T_SquareParticle.uasset" 211
"../../../WAV/Content/Materials/M_SquareParticles.uasset" 212
"../../../WAV/Content/ParticleSystems/WeaponParticles.uasset" 213
"../../../WAV/Content/Textures/Environment/T_Player_Emissive.uasset" 214
"../../../WAV/Content/Materials/M_Player.uasset" 215
"../../../WAV/Content/SkeletalMesh/SK_Player.uasset" 216
"../../../WAV/Content/Materials/M_Base.uasset" 217
"../../../WAV/Content/Textures/Weapon/Weapons_Halberd_BaseColor.uasset" 218
"../../../WAV/Content/Textures/Weapon/Weapons_Halberd_Emissive.uasset" 219
"../../../WAV/Content/Textures/Weapon/Weapons_Halberd_Normal.uasset" 220
"../../../WAV/Content/Textures/Weapon/Weapons_Halberd_OcclusionRoughnessMetallic.uasset" 221
"../../../WAV/Content/Materials/Weapons/M_Halberd.uasset" 222
"../../../WAV/Content/StaticMesh/Weapons/Weapons_Halberd.uasset" 223
"../../../WAV/Content/Textures/Weapon/Weapons_Hammer_BaseColor.uasset" 224
"../../../WAV/Content/Textures/Weapon/Weapons_Hammer_Emissive.uasset" 225
"../../../WAV/Content/Textures/Weapon/Weapons_Hammer_Normal.uasset" 226
"../../../WAV/Content/Textures/Weapon/Weapons_Hammer_OcclusionRoughnessMetallic.uasset" 227
"../../../WAV/Content/Materials/Weapons/M_Hammer.uasset" 228
"../../../WAV/Content/StaticMesh/Weapons/Weapons_Hammer.uasset" 229
"../../../WAV/Content/Textures/Weapon/Weapons_Sword_BaseColor.uasset" 230
"../../../WAV/Content/Textures/Weapon/Weapons_Sword_Emissive.uasset" 231
"../../../WAV/Content/Textures/Weapon/Weapons_Sword_Normal.uasset" 232
"../../../WAV/Content/Textures/Weapon/Weapons_Sword_OcclusionRoughnessMetallic.uasset" 233
"../../../WAV/Content/Materials/Weapons/M_Sword.uasset" 234
"../../../WAV/Content/StaticMesh/Weapons/Weapons_Sword.uasset" 235
"../../../WAV/Content/UI/EndUI.uasset" 236
"../../../WAV/Content/UI/Healthbar.uasset" 237
"../../../WAV/Content/UI/BossHealth.uasset" 238
"../../../WAV/Content/UI/PlayerUI.uasset" 239
"../../../WAV/Content/Blueprints/Player/BP_Player.uasset" 240
"../../../WAV/Content/Blueprints/Environment/Camera/BP_CamZone.uasset" 241
"../../../WAV/Content/BehaviorTrees/SV_AggroCheck.uasset" 242
"../../../WAV/Content/BehaviorTrees/SV_GetFirstWaypoint.uasset" 243
"../../../WAV/Content/BehaviorTrees/SV_GetPlayer.uasset" 244
"../../../WAV/Content/BehaviorTrees/SV_GetSelf.uasset" 245
"../../../WAV/Content/BehaviorTrees/TK_BaseAttackAnimation.uasset" 246
"../../../WAV/Content/BehaviorTrees/TK_Attack.uasset" 247
"../../../WAV/Content/BehaviorTrees/TK_FacePlayer.uasset" 248
"../../../WAV/Content/BehaviorTrees/TK_FollowWaypoint.uasset" 249
"../../../WAV/Content/BehaviorTrees/TK_MoveToActor.uasset" 250
"../../../WAV/Content/BehaviorTrees/TK_Swipe.uasset" 251
"../../../WAV/Content/BehaviorTrees/BT_Spearman.uasset" 252
"../../../WAV/Content/BehaviorTrees/BP_EnemyBaseAI.uasset" 253
"../../../WAV/Content/Blueprints/Environment/BP_Waypoint.uasset" 254
"../../../WAV/Content/UI/EnemyHealthbar.uasset" 255
"../../../WAV/Content/Audio/SFX/Throw.uasset" 256
"../../../WAV/Content/Blueprints/Enemies/BP_EnemyBase.uasset" 257
"../../../WAV/Content/SkeletalMesh/SK_Pitch_Skeleton.uasset" 258
"../../../WAV/Content/Animation/Enemy/Pitch/PitchAttack1.uasset" 259
"../../../WAV/Content/Animation/Enemy/Pitch/PitchAttack2.uasset" 260
"../../../WAV/Content/Animation/Enemy/Pitch/PitchAttack3.uasset" 261
"../../../WAV/Content/Animation/Enemy/Pitch/PitchAttack4.uasset" 262
"../../../WAV/Content/Animation/Enemy/Pitch/PitchPitchBig.uasset" 263
"../../../WAV/Content/Animation/Enemy/Pitch/PitchPitchL.uasset" 264
"../../../WAV/Content/Animation/Enemy/Pitch/PitchPitchR.uasset" 265
"../../../WAV/Content/Animation/Enemy/Pitch/PitchPitchStart.uasset" 266
"../../../WAV/Content/Animation/Enemy/Pitch/PitchIdle.uasset" 267
"../../../WAV/Content/Animation/Enemy/Pitch/PitchWalk.uasset" 268
"../../../WAV/Content/Animation/Enemy/Pitch/VeryFastPitchWalkingAtIncerdibleHihgSpeed.uasset" 269
"../../../WAV/Content/Animation/Enemy/Pitch/BS_PitchWalk.uasset" 270
"../../../WAV/Content/Materials/M_Projectile.uasset" 271
"../../../Engine/Content/BasicShapes/Cube.uasset" 272
"../../../WAV/Content/Audio/SFX/HitByChunk.uasset" 273
"../../../WAV/Content/ParticleSystems/ProjectileParticles.uasset" 274
"../../../WAV/Content/Blueprints/Enemies/Projectiles/BP_Projectile_Base.uasset" 275
"../../../WAV/Content/Blueprints/Enemies/Projectiles/BP_BigProjectile.uasset" 276
"../../../WAV/Content/Blueprints/Enemies/Projectiles/BP_FastProjectile.uasset" 277
"../../../WAV/Content/Animation/Enemy/Pitch/AnimBP_Pitch.uasset" 278
"../../../WAV/Content/Blueprints/Enemies/BP_Boss.uasset" 279
"../../../WAV/Content/BehaviorTrees/BB_Pitch.uasset" 280
"../../../WAV/Content/BehaviorTrees/DC_RandomChance.uasset" 281
"../../../WAV/Content/BehaviorTrees/TK_Boss_Pitch_Throw.uasset" 282
"../../../WAV/Content/BehaviorTrees/TK_PauseAI.uasset" 283
"../../../WAV/Content/BehaviorTrees/TK_Retreat.uasset" 284
"../../../WAV/Content/BehaviorTrees/BT_Pitch.uasset" 285
"../../../WAV/Content/BehaviorTrees/BP_PitchAI.uasset" 286
"../../../Engine/Content/Functions/Engine_MaterialFunctions02/WorldPositionOffset/LocalPosition.uasset" 287
"../../../WAV/Content/Materials/Enemy/DeathMaterial.uasset" 288
"../../../WAV/Content/Textures/Enemy/Pitch_Pitch_BaseColor.uasset" 289
"../../../WAV/Content/Textures/Enemy/Pitch_Pitch_Emissive.uasset" 290
"../../../WAV/Content/Textures/Enemy/Pitch_Pitch_Normal.uasset" 291
"../../../WAV/Content/Textures/Enemy/Pitch_Pitch_OcclusionRoughnessMetallic.uasset" 292
"../../../WAV/Content/Materials/Enemy/M_Pitch_Death.uasset" 293
"../../../WAV/Content/Audio/SFX/Punch.uasset" 294
"../../../WAV/Content/Materials/Enemy/M_Pitch.uasset" 295
"../../../WAV/Content/SkeletalMesh/SK_Pitch_PhysicsAsset.uasset" 296
"../../../WAV/Content/SkeletalMesh/SK_Pitch.uasset" 297
"../../../WAV/Content/Blueprints/Enemies/BP_PitchBoss.uasset" 298
"../../../WAV/Content/Animation/Enemy/Boss1/AnimBP_Boss1.uasset" 299
"../../../WAV/Content/SkeletalMesh/SK_Enemy1_Skeleton.uasset" 300
"../../../WAV/Content/Animation/Enemy/Enemy1/Enemy1Stagger.uasset" 301
"../../../WAV/Content/SkeletalMesh/SK_BossDoor_Skeleton.uasset" 302
"../../../WAV/Content/Animation/Environment/DoorOpen.uasset" 303
"../../../WAV/Content/Audio/SFX/BigDoor.uasset" 304
"../../../WAV/Content/Textures/Environment/BossArenaTex_Door_BaseColor.uasset" 305
"../../../WAV/Content/Textures/Environment/BossArenaTex_Door_Emissive.uasset" 306
"../../../WAV/Content/Textures/Environment/BossArenaTex_Door_Normal.uasset" 307
"../../../WAV/Content/Textures/Environment/BossArenaTex_Door_OcclusionRoughnessMetallic.uasset" 308
"../../../WAV/Content/Materials/M_BossDoor.uasset" 309
"../../../WAV/Content/SkeletalMesh/SK_BossDoor_PhysicsAsset.uasset" 310
"../../../WAV/Content/SkeletalMesh/SK_BossDoor.uasset" 311
"../../../WAV/Content/Blueprints/Environment/BP_BossDoor.uasset" 312
"../../../WAV/Content/Animation/Environment/AnimBP_DoorOpen.uasset" 313
"../../../WAV/Content/Animation/Player/BS_IdleWalk.uasset" 314
"../../../WAV/Content/Animation/Player/Combat/PlayerAttack2Stagger.uasset" 315
"../../../WAV/Content/BehaviorTrees/DC_ActorWithinActorViewingAngle.uasset" 316
"../../../WAV/Content/BehaviorTrees/SV_ScanForPlayer.uasset" 317
"../../../WAV/Content/BehaviorTrees/TK_FollowupAttack.uasset" 318
"../../../WAV/Content/Materials/Material.uasset" 319
"../../../Engine/Content/Functions/Engine_MaterialFunctions03/ComplexMotion/Motion_4WayChaos.uasset" 320
"../../../Engine/Content/Functions/Engine_MaterialFunctions03/Procedurals/NormalFromHeightmapChaos.uasset" 321
"../../../WAV/Content/Materials/M_eme.uasset" 322
"../../../WAV/Content/Materials/M_Enemy1.uasset" 323
"../../../WAV/Content/Materials/M_Skybox.uasset" 324
"../../../WAV/Content/Materials/M_Weapons.uasset" 325
"../../../WAV/Content/Materials/T_SquareParticles.uasset" 326
"../../../Engine/Plugins/2D/Paper2D/Content/DummySprite.uasset" 327
"../../../Engine/Plugins/2D/Paper2D/Content/DefaultPaperTerrainMaterial.uasset" 328
"../../../Engine/Plugins/2D/Paper2D/Content/DefaultSpriteMaterial.uasset" 329
"../../../Engine/Plugins/2D/Paper2D/Content/MaskedUnlitSpriteMaterial.uasset" 330
"../../../Engine/Plugins/2D/Paper2D/Content/OpaqueUnlitSpriteMaterial.uasset" 331
"../../../Engine/Plugins/2D/Paper2D/Content/PlaceholderTextures/DummySpriteTexture.uasset" 332
"../../../WAV/Content/Textures/Environment/T_Platforms_BaseColor.uasset" 333
"../../../WAV/Content/Textures/Environment/T_Platforms_Emissive.uasset" 334
"../../../WAV/Content/Textures/Environment/T_Platforms_Normal.uasset" 335
"../../../WAV/Content/Textures/Environment/T_Platforms_OcclusionRoughnessMetallic.uasset" 336
"../../../WAV/Content/Materials/M_Platforms.uasset" 337
"../../../Engine/Content/EngineSky/T_Sky_Blue.uasset" 338
"../../../Engine/Content/EngineSky/T_Sky_Clouds_M.uasset" 339
"../../../Engine/Content/EngineSky/T_Sky_Stars.uasset" 340
"../../../Engine/Content/EngineSky/M_Sky_Panning_Clouds2.uasset" 341
"../../../Engine/Content/EngineSky/SM_SkySphere.uasset" 342
"../../../WAV/Content/Blueprints/Environment/BP_SkySphere.uasset" 343
"../../../WAV/Content/Blueprints/Environment/Camera/BP_BossCamera.uasset" 344
"../../../WAV/Content/Blueprints/Player/BP_Save.uasset" 345
"../../../WAV/Content/Blueprints/Environment/BP_PersistentObject.uasset" 346
"../../../Engine/Content/Functions/Engine_MaterialFunctions02/Utility/BreakOutFloat3Components.uasset" 347
"../../../Engine/Content/Functions/Engine_MaterialFunctions02/Utility/MakeFloat3.uasset" 348
"../../../WAV/Content/Materials/M_Beam.uasset" 349
"../../../Engine/Content/BasicShapes/Cylinder.uasset" 350
"../../../WAV/Content/Audio/SFX/Checkpoint.uasset" 351
"../../../WAV/Content/ParticleSystems/CheckpointParticleSystem.uasset" 352
"../../../WAV/Content/StaticMesh/Environment/SM_Checkpoint.uasset" 353
"../../../WAV/Content/Blueprints/Environment/BP_Checkpoint.uasset" 354
"../../../WAV/Content/Blueprints/Player/BP_SaveManager.uasset" 355
"../../../WAV/Content/Maps/BossMap_BuiltData.uasset" 356
"../../../Engine/Content/MapTemplates/daylight.uasset" 357
"../../../WAV/Content/StaticMesh/Environment/SM_Platforms_Grid.uasset" 358
"../../../WAV/Content/Maps/BossMap.umap" 359
"../../../WAV/Content/Animation/Enemy/Enemy1/Enemy1Attack1.uasset" 360
"../../../WAV/Content/Animation/Enemy/Enemy1/Enemy1Attack2.uasset" 361
"../../../WAV/Content/Animation/Enemy/Enemy1/Enemy1Attack3.uasset" 362
"../../../WAV/Content/Animation/Enemy/Enemy1/Enemy1Guard.uasset" 363
"../../../WAV/Content/Animation/Enemy/Enemy1/Enemy1Walk.uasset" 364
"../../../WAV/Content/Animation/Enemy/Enemy1/AnimBP_Enemy1_Spearman.uasset" 365
"../../../WAV/Content/Textures/Enemy/Enemy1_Enemy1_BaseColor.uasset" 366
"../../../WAV/Content/Textures/Enemy/Enemy1_Enemy1_Emissive.uasset" 367
"../../../WAV/Content/Textures/Enemy/Enemy1_Enemy1_Normal.uasset" 368
"../../../WAV/Content/Textures/Enemy/Enemy1_Enemy1_OcclusionRoughnessMetallic.uasset" 369
"../../../WAV/Content/Materials/Enemy/M_Enemy1.uasset" 370
"../../../WAV/Content/Materials/Enemy/M_Enemy1_Death.uasset" 371
"../../../WAV/Content/Materials/Enemy/M_Enemy1l.uasset" 372
"../../../WAV/Content/SkeletalMesh/SK_Enemy1_PhysicsAsset.uasset" 373
"../../../WAV/Content/SkeletalMesh/SK_Enemy1.uasset" 374
"../../../WAV/Content/Textures/Weapon/Enemy1Weapons_Shield_BaseColor.uasset" 375
"../../../WAV/Content/Textures/Weapon/Enemy1Weapons_Shield_Emissive.uasset" 376
"../../../WAV/Content/Textures/Weapon/Enemy1Weapons_Shield_Normal.uasset" 377
"../../../WAV/Content/Textures/Weapon/Enemy1Weapons_Shield_OcclusionRoughnessMetallic.uasset" 378
"../../../WAV/Content/Materials/Weapons/M_Enemy1_Shield.uasset" 379
"../../../WAV/Content/StaticMesh/Weapons/Enemy1Weapons_Shield.uasset" 380
"../../../WAV/Content/Textures/Weapon/Enemy1Weapons_Spear_BaseColor.uasset" 381
"../../../WAV/Content/Textures/Weapon/Enemy1Weapons_Spear_Emissive.uasset" 382
"../../../WAV/Content/Textures/Weapon/Enemy1Weapons_Spear_Normal.uasset" 383
"../../../WAV/Content/Textures/Weapon/Enemy1Weapons_Spear_OcclusionRoughnessMetallic.uasset" 384
"../../../WAV/Content/Materials/Weapons/M_Enemy1_Spear.uasset" 385
"../../../WAV/Content/StaticMesh/Weapons/Enemy1Weapons_Spear.uasset" 386
"../../../WAV/Content/Blueprints/Enemies/BP_Spearman.uasset" 387
"../../../WAV/Content/Blueprints/Environment/BP_KillVolume.uasset" 388
"../../../WAV/Content/StaticMesh/Environment/StairEnd.uasset" 389
"../../../WAV/Content/StaticMesh/Environment/StairMid.uasset" 390
"../../../WAV/Content/Blueprints/Environment/BP_ExtendoStairs.uasset" 391
"../../../WAV/Content/Blueprints/Environment/BP_StairOpener.uasset" 392
"../../../WAV/Content/Textures/Environment/MovingPlatform_MovingPlatform_BaseColor.uasset" 393
"../../../WAV/Content/Textures/Environment/MovingPlatform_MovingPlatform_Emissive.uasset" 394
"../../../WAV/Content/Textures/Environment/MovingPlatform_MovingPlatform_Normal.uasset" 395
"../../../WAV/Content/Textures/Environment/MovingPlatform_MovingPlatform_OcclusionRoughnessMetallic.uasset" 396
"../../../WAV/Content/Materials/M_MovingPlatform.uasset" 397
"../../../WAV/Content/StaticMesh/Environment/SM_MovingPlatform.uasset" 398
"../../../WAV/Content/Blueprints/Environment/BP_MovingPlatform.uasset" 399
"../../../WAV/Content/Blueprints/Environment/Camera/BP_ClosestPointOnSplineCamera.uasset" 400
"../../../WAV/Content/Blueprints/Environment/Camera/BP_GroundSplinePairCamera.uasset" 401
"../../../WAV/Content/Maps/DemoMap_BuiltData.uasset" 402
"../../../Engine/Content/EditorMeshes/Camera/SM_RailRig_Track.uasset" 403
"../../../WAV/Content/Audio/MoonRemastered.uasset" 404
"../../../WAV/Content/Textures/Environment/BossArenaTex_Elevator_BaseColor.uasset" 405
"../../../WAV/Content/Textures/Environment/BossArenaTex_Elevator_Emissive.uasset" 406
"../../../WAV/Content/Textures/Environment/BossArenaTex_Elevator_Normal.uasset" 407
"../../../WAV/Content/Textures/Environment/BossArenaTex_Elevator_OcclusionRoughnessMetallic.uasset" 408
"../../../WAV/Content/Materials/M_Elevator.uasset" 409
"../../../WAV/Content/StaticMesh/Environment/SM_BossArena_Elevator.uasset" 410
"../../../WAV/Content/Textures/Environment/BossArenaTex_InnerRing_BaseColor.uasset" 411
"../../../WAV/Content/Textures/Environment/BossArenaTex_InnerRing_Emissive.uasset" 412
"../../../WAV/Content/Textures/Environment/BossArenaTex_InnerRing_Normal.uasset" 413
"../../../WAV/Content/Textures/Environment/BossArenaTex_InnerRing_OcclusionRoughnessMetallic.uasset" 414
"../../../WAV/Content/Materials/M_InnerRing.uasset" 415
"../../../WAV/Content/StaticMesh/Environment/SM_BossArena_InnerRing.uasset" 416
"../../../WAV/Content/StaticMesh/Environment/SM_BossArena_InnerRingOpening.uasset" 417
"../../../WAV/Content/Textures/Environment/BossArenaTex_Opening_BaseColor.uasset" 418
"../../../WAV/Content/Textures/Environment/BossArenaTex_Opening_Emissive.uasset" 419
"../../../WAV/Content/Textures/Environment/BossArenaTex_Opening_Normal.uasset" 420
"../../../WAV/Content/Textures/Environment/BossArenaTex_Opening_OcclusionRoughnessMetallic.uasset" 421
"../../../WAV/Content/Materials/M_Opening.uasset" 422
"../../../WAV/Content/StaticMesh/Environment/SM_BossArena_Opening.uasset" 423
"../../../WAV/Content/Textures/Environment/BossArenaTex_OuterRing_BaseColor.uasset" 424
"../../../WAV/Content/Textures/Environment/BossArenaTex_OuterRing_Emissive.uasset" 425
"../../../WAV/Content/Textures/Environment/BossArenaTex_OuterRing_Normal.uasset" 426
"../../../WAV/Content/Textures/Environment/BossArenaTex_OuterRing_OcclusionRoughnessMetallic.uasset" 427
"../../../WAV/Content/Materials/M_OuterRing.uasset" 428
"../../../WAV/Content/StaticMesh/Environment/SM_BossArena_OuterRing.uasset" 429
"../../../WAV/Content/StaticMesh/Environment/SM_BossArena_OuterRingOpening.uasset" 430
"../../../WAV/Content/StaticMesh/Environment/SM_Platforms_Corners.uasset" 431
"../../../WAV/Content/StaticMesh/Environment/SM_Platforms_GridCorner.uasset" 432
"../../../WAV/Content/StaticMesh/Environment/SM_Platforms_Pillar.uasset" 433
"../../../WAV/Content/StaticMesh/Environment/SM_Platforms_Simple.uasset" 434
"../../../WAV/Content/StaticMesh/Environment/SM_Platforms_SimpleCorner.uasset" 435
"../../../WAV/Content/StaticMesh/Environment/SM_Platforms_SimpleSingle.uasset" 436
"../../../WAV/Content/StaticMesh/Environment/SM_Platforms_Stairs.uasset" 437
"../../../WAV/Content/Maps/DemoMap.umap" 438
"../../../WAV/Content/Maps/Map_BuiltData.uasset" 439
"../../../WAV/Content/StaticMesh/Environment/SM_Platforms_GridSingle.uasset" 440
"../../../WAV/Content/Maps/Map.umap" 441
"../../../WAV/Content/Maps/TutorialMap_BuiltData.uasset" 442
"../../../WAV/Content/Maps/TutorialMap.umap" 443
"../../../Engine/Content/Maps/Entry.umap" 444
